<?xml version="1.0" encoding="UTF-8"?>
<!-- Generated by org.testng.reporters.JUnitReportReporter -->
<testsuite hostname="Soo-Min" failures="0" tests="1" name="weTestNG.HomePageTest" time="3.046" errors="0" timestamp="17 Aug 2022 15:44:35 GMT" skipped="0">
  <testcase classname="weTestNG.HomePageTest" name="test1" time="3.046"/>
</testsuite> <!-- weTestNG.HomePageTest -->
