<?xml version="1.0" encoding="UTF-8"?>
<!-- Generated by org.testng.reporters.JUnitReportReporter -->
<testsuite hostname="Soo-Min" failures="0" tests="2" name="weTestNG.SimplilearnLogin" time="14.303" errors="0" timestamp="14 Aug 2022 15:38:25 GMT" skipped="0">
  <testcase classname="weTestNG.SimplilearnLogin" name="NegativeTest" time="7.240"/>
  <testcase classname="weTestNG.SimplilearnLogin" name="PositiveTest" time="7.063"/>
</testsuite> <!-- weTestNG.SimplilearnLogin -->
