<?xml version="1.0" encoding="UTF-8"?>
<!-- Generated by org.testng.reporters.JUnitReportReporter -->
<testsuite hostname="Soo-Min" failures="0" tests="2" name="weTestNG.SimplilearnLogin" time="12.776" errors="0" timestamp="17 Aug 2022 15:54:07 GMT" skipped="0">
  <testcase classname="weTestNG.SimplilearnLogin" name="NegativeTest" time="7.711"/>
  <testcase classname="weTestNG.SimplilearnLogin" name="PositiveTest" time="5.065"/>
</testsuite> <!-- weTestNG.SimplilearnLogin -->
