<?xml version="1.0" encoding="UTF-8"?>
<!-- Generated by org.testng.reporters.JUnitReportReporter -->
<testsuite hostname="Soo-Min" failures="0" tests="1" name="weTestNG.HomePageTest" time="3.126" errors="0" timestamp="14 Aug 2022 13:49:40 GMT" skipped="0">
  <testcase classname="weTestNG.HomePageTest" name="test1" time="3.126"/>
</testsuite> <!-- weTestNG.HomePageTest -->
