<?xml version="1.0" encoding="UTF-8"?>
<!-- Generated by org.testng.reporters.JUnitReportReporter -->
<testsuite hostname="Soo-Min" failures="0" tests="1" name="testNG.AccountTest" time="0.001" errors="0" timestamp="14 Aug 2022 15:36:28 GMT" skipped="0">
  <testcase classname="testNG.AccountTest" name="ChekcingAccountTest3" time="0.001"/>
</testsuite> <!-- testNG.AccountTest -->
