<?xml version="1.0" encoding="UTF-8"?>
<!-- Generated by org.testng.reporters.JUnitReportReporter -->
<testsuite hostname="Soo-Min" failures="0" tests="3" name="testNG.AccountTest" time="0.006" errors="0" timestamp="13 Aug 2022 15:20:08 GMT" skipped="0">
  <testcase classname="testNG.AccountTest" name="SavingAccountTest2" time="0.005"/>
  <testcase classname="testNG.AccountTest" name="SavingAccountTest1" time="0.001"/>
  <testcase classname="testNG.AccountTest" name="ChekcingAccountTest3" time="0.000"/>
</testsuite> <!-- testNG.AccountTest -->
