<?xml version="1.0" encoding="UTF-8"?>
<!-- Generated by org.testng.reporters.JUnitReportReporter -->
<testsuite hostname="Soo-Min" failures="0" tests="1" name="weTestNG.HomePageTest" time="2.071" errors="0" timestamp="18 Aug 2022 11:13:30 GMT" skipped="0">
  <testcase classname="weTestNG.HomePageTest" name="test1" time="2.071"/>
</testsuite> <!-- weTestNG.HomePageTest -->
