<?xml version="1.0" encoding="UTF-8"?>
<!-- Generated by org.testng.reporters.JUnitReportReporter -->
<testsuite hostname="Soo-Min" failures="0" tests="2" name="weTestNG.SimplilearnLogin" time="6.578" errors="0" timestamp="18 Aug 2022 11:13:30 GMT" skipped="0">
  <testcase classname="weTestNG.SimplilearnLogin" name="NegativeTest" time="3.215"/>
  <testcase classname="weTestNG.SimplilearnLogin" name="PositiveTest" time="3.363"/>
</testsuite> <!-- weTestNG.SimplilearnLogin -->
